<?xml version="1.0" encoding="UTF-8"?>
<!-- Generated by org.testng.reporters.JUnitReportReporter -->
<testsuite hostname="LAPTOP-98QEEPAM" failures="0" tests="1" name="juspayJioMart.JioMart" time="26.748" errors="0" timestamp="16 Jun 2023 09:37:07 GMT">
  <testcase classname="juspayJioMart.JioMart" name="automateJioMart" time="26.748"/>
</testsuite> <!-- juspayJioMart.JioMart -->
