<?xml version="1.0" encoding="UTF-8"?>
<!-- Generated by org.testng.reporters.JUnitReportReporter -->
<testsuite hostname="LAPTOP-98QEEPAM" failures="0" tests="1" name="juspayJioMart.JioMartOrderProductTest" time="37.954" errors="0" timestamp="16 Jun 2023 11:42:55 GMT">
  <testcase classname="juspayJioMart.JioMartOrderProductTest" name="automateJioMartWalletPay" time="37.954"/>
</testsuite> <!-- juspayJioMart.JioMartOrderProductTest -->
