<?xml version="1.0" encoding="UTF-8"?>
<!-- Generated by org.testng.reporters.JUnitReportReporter -->
<testsuite hostname="LAPTOP-98QEEPAM" failures="0" tests="1" name="juspayJioMart.Flipkart" time="20.081" errors="0" timestamp="16 Jun 2023 09:35:09 GMT">
  <testcase classname="juspayJioMart.Flipkart" name="flipkartOrder" time="20.081"/>
</testsuite> <!-- juspayJioMart.Flipkart -->
