<?xml version="1.0" encoding="UTF-8"?>
<!-- Generated by org.testng.reporters.JUnitReportReporter -->
<testsuite hostname="LAPTOP-98QEEPAM" failures="0" tests="1" name="juspayJioMart.JioMartOrderProductTest" time="29.311" errors="0" timestamp="16 Jun 2023 10:30:07 GMT">
  <testcase classname="juspayJioMart.JioMartOrderProductTest" name="automateJioMart" time="29.311"/>
</testsuite> <!-- juspayJioMart.JioMartOrderProductTest -->
